{"contracts/IERC1404.sol":{"l":{},"path":"/Users/steve/codes/INX-TOKEN-CLONED/contracts/IERC1404.sol","s":{},"b":{},"f":{},"fnMap":{},"statementMap":{},"branchMap":{}},"contracts/IERC1404Validators.sol":{"l":{},"path":"/Users/steve/codes/INX-TOKEN-CLONED/contracts/IERC1404Validators.sol","s":{},"b":{},"f":{},"fnMap":{},"statementMap":{},"branchMap":{}},"contracts/InxToken.sol":{"l":{"34":64,"35":64,"47":66,"48":66,"49":66,"56":3,"69":6,"71":5,"85":6,"92":41,"93":41,"94":17,"105":16,"116":1},"path":"/Users/steve/codes/INX-TOKEN-CLONED/contracts/InxToken.sol","s":{"1":64,"2":64,"3":66,"4":66,"5":66,"6":3,"7":6,"8":5,"9":6,"10":41,"11":41,"12":16,"13":1},"b":{"1":[5,1],"2":[17,24]},"f":{"1":64,"2":66,"3":3,"4":6,"5":6,"6":41,"7":16,"8":1},"fnMap":{"1":{"name":"constructor","line":31,"loc":{"start":{"line":31,"column":4},"end":{"line":33,"column":5}}},"2":{"name":"updateTransferRestrictions","line":42,"loc":{"start":{"line":42,"column":4},"end":{"line":46,"column":5}}},"3":{"name":"getRestrictionsAddress","line":55,"loc":{"start":{"line":55,"column":4},"end":{"line":55,"column":66}}},"4":{"name":"detectTransferRestriction","line":64,"loc":{"start":{"line":64,"column":4},"end":{"line":68,"column":5}}},"5":{"name":"messageForTransferRestriction","line":79,"loc":{"start":{"line":79,"column":4},"end":{"line":83,"column":5}}},"6":{"name":"notRestricted","line":91,"loc":{"start":{"line":91,"column":4},"end":{"line":91,"column":66}}},"7":{"name":"transfer","line":100,"loc":{"start":{"line":100,"column":4},"end":{"line":104,"column":5}}},"8":{"name":"transferFrom","line":111,"loc":{"start":{"line":111,"column":4},"end":{"line":115,"column":5}}}},"statementMap":{"1":{"start":{"line":34,"column":8},"end":{"line":34,"column":33}},"2":{"start":{"line":35,"column":8},"end":{"line":35,"column":23}},"3":{"start":{"line":47,"column":8},"end":{"line":47,"column":70}},"4":{"start":{"line":48,"column":8},"end":{"line":48,"column":75}},"5":{"start":{"line":49,"column":8},"end":{"line":49,"column":19}},"6":{"start":{"line":56,"column":8},"end":{"line":56,"column":44}},"7":{"start":{"line":69,"column":8},"end":{"line":69,"column":104}},"8":{"start":{"line":71,"column":8},"end":{"line":71,"column":79}},"9":{"start":{"line":85,"column":8},"end":{"line":85,"column":82}},"10":{"start":{"line":92,"column":8},"end":{"line":92,"column":95}},"11":{"start":{"line":93,"column":8},"end":{"line":93,"column":141}},"12":{"start":{"line":105,"column":8},"end":{"line":105,"column":42}},"13":{"start":{"line":116,"column":8},"end":{"line":116,"column":52}}},"branchMap":{"1":{"line":69,"type":"if","locations":[{"start":{"line":69,"column":8},"end":{"line":69,"column":8}},{"start":{"line":69,"column":8},"end":{"line":69,"column":8}}]},"2":{"line":93,"type":"if","locations":[{"start":{"line":93,"column":8},"end":{"line":93,"column":8}},{"start":{"line":93,"column":8},"end":{"line":93,"column":8}}]}}},"contracts/OwnerRole.sol":{"l":{"14":279,"15":151,"19":282,"23":6,"27":2,"28":2,"32":70,"33":68,"37":2,"38":2},"path":"/Users/steve/codes/INX-TOKEN-CLONED/contracts/OwnerRole.sol","s":{"1":279,"2":282,"3":6,"4":2,"5":2,"6":70,"7":68,"8":2,"9":2},"b":{"1":[151,128],"2":[2,0]},"f":{"1":279,"2":282,"3":6,"4":2,"5":70,"6":2},"fnMap":{"1":{"name":"onlyOwner","line":13,"loc":{"start":{"line":13,"column":4},"end":{"line":13,"column":22}}},"2":{"name":"isOwner","line":18,"loc":{"start":{"line":18,"column":4},"end":{"line":18,"column":62}}},"3":{"name":"addOwner","line":22,"loc":{"start":{"line":22,"column":4},"end":{"line":22,"column":53}}},"4":{"name":"removeOwner","line":26,"loc":{"start":{"line":26,"column":4},"end":{"line":26,"column":56}}},"5":{"name":"_addOwner","line":31,"loc":{"start":{"line":31,"column":4},"end":{"line":31,"column":46}}},"6":{"name":"_removeOwner","line":36,"loc":{"start":{"line":36,"column":4},"end":{"line":36,"column":49}}}},"statementMap":{"1":{"start":{"line":14,"column":8},"end":{"line":14,"column":85}},"2":{"start":{"line":19,"column":8},"end":{"line":19,"column":35}},"3":{"start":{"line":23,"column":8},"end":{"line":23,"column":25}},"4":{"start":{"line":27,"column":8},"end":{"line":27,"column":81}},"5":{"start":{"line":28,"column":8},"end":{"line":28,"column":28}},"6":{"start":{"line":32,"column":8},"end":{"line":32,"column":27}},"7":{"start":{"line":33,"column":8},"end":{"line":33,"column":44}},"8":{"start":{"line":37,"column":8},"end":{"line":37,"column":30}},"9":{"start":{"line":38,"column":8},"end":{"line":38,"column":46}}},"branchMap":{"1":{"line":14,"type":"if","locations":[{"start":{"line":14,"column":8},"end":{"line":14,"column":8}},{"start":{"line":14,"column":8},"end":{"line":14,"column":8}}]},"2":{"line":27,"type":"if","locations":[{"start":{"line":27,"column":8},"end":{"line":27,"column":8}},{"start":{"line":27,"column":8},"end":{"line":27,"column":8}}]}}},"contracts/Pausable.sol":{"l":{"15":24,"22":4,"23":4,"30":2,"31":2,"38":4,"45":2},"path":"/Users/steve/codes/INX-TOKEN-CLONED/contracts/Pausable.sol","s":{"1":24,"2":4,"3":4,"4":2,"5":2,"6":4,"7":2},"b":{},"f":{"1":24,"2":4,"3":2,"4":4,"5":2},"fnMap":{"1":{"name":"paused","line":14,"loc":{"start":{"line":14,"column":4},"end":{"line":14,"column":48}}},"2":{"name":"_pause","line":21,"loc":{"start":{"line":21,"column":4},"end":{"line":21,"column":28}}},"3":{"name":"_unpause","line":29,"loc":{"start":{"line":29,"column":4},"end":{"line":29,"column":30}}},"4":{"name":"pause","line":37,"loc":{"start":{"line":37,"column":4},"end":{"line":37,"column":36}}},"5":{"name":"unpause","line":44,"loc":{"start":{"line":44,"column":4},"end":{"line":44,"column":38}}}},"statementMap":{"1":{"start":{"line":15,"column":8},"end":{"line":15,"column":22}},"2":{"start":{"line":22,"column":8},"end":{"line":22,"column":21}},"3":{"start":{"line":23,"column":8},"end":{"line":23,"column":21}},"4":{"start":{"line":30,"column":8},"end":{"line":30,"column":22}},"5":{"start":{"line":31,"column":8},"end":{"line":31,"column":23}},"6":{"start":{"line":38,"column":8},"end":{"line":38,"column":15}},"7":{"start":{"line":45,"column":8},"end":{"line":45,"column":17}}},"branchMap":{}},"contracts/PauserRole.sol":{"l":{"13":18,"14":6,"18":21,"22":9,"26":2,"30":9,"31":9,"35":2,"36":2},"path":"/Users/steve/codes/INX-TOKEN-CLONED/contracts/PauserRole.sol","s":{"1":18,"2":21,"3":9,"4":2,"5":9,"6":9,"7":2,"8":2},"b":{"1":[6,12]},"f":{"1":18,"2":21,"3":9,"4":2,"5":9,"6":2},"fnMap":{"1":{"name":"onlyPauser","line":12,"loc":{"start":{"line":12,"column":4},"end":{"line":12,"column":23}}},"2":{"name":"isPauser","line":17,"loc":{"start":{"line":17,"column":4},"end":{"line":17,"column":63}}},"3":{"name":"addPauser","line":21,"loc":{"start":{"line":21,"column":4},"end":{"line":21,"column":54}}},"4":{"name":"removePauser","line":25,"loc":{"start":{"line":25,"column":4},"end":{"line":25,"column":57}}},"5":{"name":"_addPauser","line":29,"loc":{"start":{"line":29,"column":4},"end":{"line":29,"column":47}}},"6":{"name":"_removePauser","line":34,"loc":{"start":{"line":34,"column":4},"end":{"line":34,"column":50}}}},"statementMap":{"1":{"start":{"line":13,"column":8},"end":{"line":13,"column":88}},"2":{"start":{"line":18,"column":8},"end":{"line":18,"column":36}},"3":{"start":{"line":22,"column":8},"end":{"line":22,"column":26}},"4":{"start":{"line":26,"column":8},"end":{"line":26,"column":29}},"5":{"start":{"line":30,"column":8},"end":{"line":30,"column":28}},"6":{"start":{"line":31,"column":8},"end":{"line":31,"column":45}},"7":{"start":{"line":35,"column":8},"end":{"line":35,"column":31}},"8":{"start":{"line":36,"column":8},"end":{"line":36,"column":47}}},"branchMap":{"1":{"line":13,"type":"if","locations":[{"start":{"line":13,"column":8},"end":{"line":13,"column":8}},{"start":{"line":13,"column":8},"end":{"line":13,"column":8}}]}}},"contracts/RestrictionMessages.sol":{"l":{},"path":"/Users/steve/codes/INX-TOKEN-CLONED/contracts/RestrictionMessages.sol","s":{},"b":{},"f":{},"fnMap":{},"statementMap":{},"branchMap":{}},"contracts/Revocable.sol":{"l":{"18":2,"19":2,"20":2},"path":"/Users/steve/codes/INX-TOKEN-CLONED/contracts/Revocable.sol","s":{"1":2,"2":2,"3":2},"b":{},"f":{"1":2},"fnMap":{"1":{"name":"revoke","line":10,"loc":{"start":{"line":10,"column":2},"end":{"line":17,"column":3}}}},"statementMap":{"1":{"start":{"line":18,"column":4},"end":{"line":18,"column":46}},"2":{"start":{"line":19,"column":4},"end":{"line":19,"column":43}},"3":{"start":{"line":20,"column":4},"end":{"line":20,"column":15}}},"branchMap":{}},"contracts/RevokerRole.sol":{"l":{"13":8,"14":2,"18":11,"22":12,"26":2,"30":12,"31":12,"35":2,"36":2},"path":"/Users/steve/codes/INX-TOKEN-CLONED/contracts/RevokerRole.sol","s":{"1":8,"2":11,"3":12,"4":2,"5":12,"6":12,"7":2,"8":2},"b":{"1":[2,6]},"f":{"1":8,"2":11,"3":12,"4":2,"5":12,"6":2},"fnMap":{"1":{"name":"onlyRevoker","line":12,"loc":{"start":{"line":12,"column":4},"end":{"line":12,"column":24}}},"2":{"name":"isRevoker","line":17,"loc":{"start":{"line":17,"column":4},"end":{"line":17,"column":64}}},"3":{"name":"addRevoker","line":21,"loc":{"start":{"line":21,"column":4},"end":{"line":21,"column":55}}},"4":{"name":"removeRevoker","line":25,"loc":{"start":{"line":25,"column":4},"end":{"line":25,"column":58}}},"5":{"name":"_addRevoker","line":29,"loc":{"start":{"line":29,"column":4},"end":{"line":29,"column":48}}},"6":{"name":"_removeRevoker","line":34,"loc":{"start":{"line":34,"column":4},"end":{"line":34,"column":51}}}},"statementMap":{"1":{"start":{"line":13,"column":8},"end":{"line":13,"column":91}},"2":{"start":{"line":18,"column":8},"end":{"line":18,"column":37}},"3":{"start":{"line":22,"column":8},"end":{"line":22,"column":27}},"4":{"start":{"line":26,"column":8},"end":{"line":26,"column":30}},"5":{"start":{"line":30,"column":8},"end":{"line":30,"column":29}},"6":{"start":{"line":31,"column":8},"end":{"line":31,"column":46}},"7":{"start":{"line":35,"column":8},"end":{"line":35,"column":32}},"8":{"start":{"line":36,"column":8},"end":{"line":36,"column":48}}},"branchMap":{"1":{"line":13,"type":"if","locations":[{"start":{"line":13,"column":8},"end":{"line":13,"column":8}},{"start":{"line":13,"column":8},"end":{"line":13,"column":8}}]}}},"contracts/Timelockable.sol":{"l":{"32":12,"33":12,"35":12,"36":12,"37":12,"38":12,"47":5,"49":5,"52":5,"53":1,"54":1,"58":4,"61":4,"63":4,"64":3,"67":3,"68":3,"69":3,"72":1,"73":1,"87":24,"88":2,"92":22,"95":22,"98":22,"101":22,"102":18,"106":4,"117":5,"119":5},"path":"/Users/steve/codes/INX-TOKEN-CLONED/contracts/Timelockable.sol","s":{"1":12,"2":12,"3":12,"4":12,"5":12,"6":12,"7":5,"8":5,"9":5,"10":1,"11":1,"12":4,"13":4,"14":3,"15":3,"16":3,"17":3,"18":1,"19":1,"20":24,"21":2,"22":22,"23":22,"24":22,"25":22,"26":18,"27":4,"28":5,"29":5},"b":{"1":[12,0],"2":[12,0],"3":[5,0],"4":[1,4],"5":[3,1],"6":[2,22],"7":[18,4]},"f":{"1":12,"2":5,"3":24,"4":5},"fnMap":{"1":{"name":"lock","line":31,"loc":{"start":{"line":31,"column":4},"end":{"line":31,"column":108}}},"2":{"name":"release","line":46,"loc":{"start":{"line":46,"column":4},"end":{"line":46,"column":98}}},"3":{"name":"checkTimelock","line":83,"loc":{"start":{"line":83,"column":4},"end":{"line":83,"column":104}}},"4":{"name":"checkLockup","line":115,"loc":{"start":{"line":115,"column":4},"end":{"line":115,"column":78}}}},"statementMap":{"1":{"start":{"line":32,"column":8},"end":{"line":32,"column":45}},"2":{"start":{"line":33,"column":8},"end":{"line":33,"column":38}},"3":{"start":{"line":35,"column":8},"end":{"line":35,"column":71}},"4":{"start":{"line":36,"column":8},"end":{"line":36,"column":38}},"5":{"start":{"line":37,"column":8},"end":{"line":37,"column":55}},"6":{"start":{"line":38,"column":8},"end":{"line":38,"column":19}},"7":{"start":{"line":47,"column":8},"end":{"line":47,"column":38}},"8":{"start":{"line":49,"column":8},"end":{"line":49,"column":56}},"9":{"start":{"line":52,"column":8},"end":{"line":52,"column":1630}},"10":{"start":{"line":53,"column":12},"end":{"line":53,"column":44}},"11":{"start":{"line":54,"column":12},"end":{"line":54,"column":23}},"12":{"start":{"line":58,"column":8},"end":{"line":58,"column":60}},"13":{"start":{"line":63,"column":8},"end":{"line":63,"column":1922}},"14":{"start":{"line":64,"column":11},"end":{"line":64,"column":72}},"15":{"start":{"line":67,"column":11},"end":{"line":67,"column":55}},"16":{"start":{"line":68,"column":11},"end":{"line":68,"column":57}},"17":{"start":{"line":69,"column":11},"end":{"line":69,"column":22}},"18":{"start":{"line":72,"column":12},"end":{"line":72,"column":56}},"19":{"start":{"line":73,"column":12},"end":{"line":73,"column":23}},"20":{"start":{"line":87,"column":8},"end":{"line":87,"column":3146}},"21":{"start":{"line":88,"column":12},"end":{"line":88,"column":23}},"22":{"start":{"line":92,"column":8},"end":{"line":92,"column":71}},"23":{"start":{"line":95,"column":8},"end":{"line":95,"column":50}},"24":{"start":{"line":98,"column":8},"end":{"line":98,"column":78}},"25":{"start":{"line":101,"column":8},"end":{"line":101,"column":3780}},"26":{"start":{"line":102,"column":12},"end":{"line":102,"column":23}},"27":{"start":{"line":106,"column":12},"end":{"line":106,"column":24}},"28":{"start":{"line":117,"column":8},"end":{"line":117,"column":57}},"29":{"start":{"line":119,"column":8},"end":{"line":119,"column":60}}},"branchMap":{"1":{"line":32,"type":"if","locations":[{"start":{"line":32,"column":8},"end":{"line":32,"column":8}},{"start":{"line":32,"column":8},"end":{"line":32,"column":8}}]},"2":{"line":33,"type":"if","locations":[{"start":{"line":33,"column":8},"end":{"line":33,"column":8}},{"start":{"line":33,"column":8},"end":{"line":33,"column":8}}]},"3":{"line":47,"type":"if","locations":[{"start":{"line":47,"column":8},"end":{"line":47,"column":8}},{"start":{"line":47,"column":8},"end":{"line":47,"column":8}}]},"4":{"line":52,"type":"if","locations":[{"start":{"line":52,"column":8},"end":{"line":52,"column":8}},{"start":{"line":52,"column":8},"end":{"line":52,"column":8}}]},"5":{"line":63,"type":"if","locations":[{"start":{"line":63,"column":8},"end":{"line":63,"column":8}},{"start":{"line":63,"column":8},"end":{"line":63,"column":8}}]},"6":{"line":87,"type":"if","locations":[{"start":{"line":87,"column":8},"end":{"line":87,"column":8}},{"start":{"line":87,"column":8},"end":{"line":87,"column":8}}]},"7":{"line":101,"type":"if","locations":[{"start":{"line":101,"column":8},"end":{"line":101,"column":8}},{"start":{"line":101,"column":8},"end":{"line":101,"column":8}}]}}},"contracts/TimelockerRole.sol":{"l":{"13":25,"14":17,"18":28,"22":17,"26":2,"30":17,"31":17,"35":2,"36":2},"path":"/Users/steve/codes/INX-TOKEN-CLONED/contracts/TimelockerRole.sol","s":{"1":25,"2":28,"3":17,"4":2,"5":17,"6":17,"7":2,"8":2},"b":{"1":[17,8]},"f":{"1":25,"2":28,"3":17,"4":2,"5":17,"6":2},"fnMap":{"1":{"name":"onlyTimelocker","line":12,"loc":{"start":{"line":12,"column":4},"end":{"line":12,"column":27}}},"2":{"name":"isTimelocker","line":17,"loc":{"start":{"line":17,"column":4},"end":{"line":17,"column":67}}},"3":{"name":"addTimelocker","line":21,"loc":{"start":{"line":21,"column":4},"end":{"line":21,"column":58}}},"4":{"name":"removeTimelocker","line":25,"loc":{"start":{"line":25,"column":4},"end":{"line":25,"column":61}}},"5":{"name":"_addTimelocker","line":29,"loc":{"start":{"line":29,"column":4},"end":{"line":29,"column":51}}},"6":{"name":"_removeTimelocker","line":34,"loc":{"start":{"line":34,"column":4},"end":{"line":34,"column":54}}}},"statementMap":{"1":{"start":{"line":13,"column":8},"end":{"line":13,"column":100}},"2":{"start":{"line":18,"column":8},"end":{"line":18,"column":40}},"3":{"start":{"line":22,"column":8},"end":{"line":22,"column":30}},"4":{"start":{"line":26,"column":8},"end":{"line":26,"column":33}},"5":{"start":{"line":30,"column":8},"end":{"line":30,"column":32}},"6":{"start":{"line":31,"column":8},"end":{"line":31,"column":49}},"7":{"start":{"line":35,"column":8},"end":{"line":35,"column":35}},"8":{"start":{"line":36,"column":8},"end":{"line":36,"column":51}}},"branchMap":{"1":{"line":13,"type":"if","locations":[{"start":{"line":13,"column":8},"end":{"line":13,"column":8}},{"start":{"line":13,"column":8},"end":{"line":13,"column":8}}]}}},"contracts/TransferRestrictions.sol":{"l":{"22":63,"35":45,"36":21,"40":24,"41":4,"45":20,"46":3,"50":17,"63":46,"64":17,"67":29,"68":21,"71":8,"72":4,"75":4,"76":3,"79":1,"83":40},"path":"/Users/steve/codes/INX-TOKEN-CLONED/contracts/TransferRestrictions.sol","s":{"1":63,"2":45,"3":21,"4":24,"5":4,"6":20,"7":3,"8":17,"9":46,"10":17,"11":29,"12":21,"13":8,"14":4,"15":4,"16":3,"17":1,"18":40},"b":{"1":[21,24],"2":[4,20],"3":[3,17],"4":[17,29],"5":[21,8],"6":[4,4],"7":[3,1]},"f":{"1":63,"2":45,"3":46,"4":40},"fnMap":{"1":{"name":"constructor","line":20,"loc":{"start":{"line":20,"column":4},"end":{"line":21,"column":5}}},"2":{"name":"detectTransferRestriction","line":29,"loc":{"start":{"line":29,"column":4},"end":{"line":33,"column":5}}},"3":{"name":"messageForTransferRestriction","line":58,"loc":{"start":{"line":58,"column":4},"end":{"line":62,"column":5}}},"4":{"name":"getSuccessCode","line":82,"loc":{"start":{"line":82,"column":4},"end":{"line":82,"column":59}}}},"statementMap":{"1":{"start":{"line":22,"column":8},"end":{"line":22,"column":51}},"2":{"start":{"line":35,"column":8},"end":{"line":35,"column":1003}},"3":{"start":{"line":36,"column":12},"end":{"line":36,"column":40}},"4":{"start":{"line":40,"column":8},"end":{"line":40,"column":1185}},"5":{"start":{"line":41,"column":12},"end":{"line":41,"column":35}},"6":{"start":{"line":45,"column":8},"end":{"line":45,"column":1418}},"7":{"start":{"line":46,"column":12},"end":{"line":46,"column":42}},"8":{"start":{"line":50,"column":8},"end":{"line":50,"column":27}},"9":{"start":{"line":63,"column":8},"end":{"line":63,"column":1960}},"10":{"start":{"line":64,"column":12},"end":{"line":64,"column":34}},"11":{"start":{"line":67,"column":8},"end":{"line":67,"column":2054}},"12":{"start":{"line":68,"column":12},"end":{"line":68,"column":48}},"13":{"start":{"line":71,"column":8},"end":{"line":71,"column":2171}},"14":{"start":{"line":72,"column":12},"end":{"line":72,"column":43}},"15":{"start":{"line":75,"column":8},"end":{"line":75,"column":2278}},"16":{"start":{"line":76,"column":12},"end":{"line":76,"column":50}},"17":{"start":{"line":79,"column":8},"end":{"line":79,"column":28}},"18":{"start":{"line":83,"column":6},"end":{"line":83,"column":25}}},"branchMap":{"1":{"line":35,"type":"if","locations":[{"start":{"line":35,"column":8},"end":{"line":35,"column":8}},{"start":{"line":35,"column":8},"end":{"line":35,"column":8}}]},"2":{"line":40,"type":"if","locations":[{"start":{"line":40,"column":8},"end":{"line":40,"column":8}},{"start":{"line":40,"column":8},"end":{"line":40,"column":8}}]},"3":{"line":45,"type":"if","locations":[{"start":{"line":45,"column":8},"end":{"line":45,"column":8}},{"start":{"line":45,"column":8},"end":{"line":45,"column":8}}]},"4":{"line":63,"type":"if","locations":[{"start":{"line":63,"column":8},"end":{"line":63,"column":8}},{"start":{"line":63,"column":8},"end":{"line":63,"column":8}}]},"5":{"line":67,"type":"if","locations":[{"start":{"line":67,"column":8},"end":{"line":67,"column":8}},{"start":{"line":67,"column":8},"end":{"line":67,"column":8}}]},"6":{"line":71,"type":"if","locations":[{"start":{"line":71,"column":8},"end":{"line":71,"column":8}},{"start":{"line":71,"column":8},"end":{"line":71,"column":8}}]},"7":{"line":75,"type":"if","locations":[{"start":{"line":75,"column":8},"end":{"line":75,"column":8}},{"start":{"line":75,"column":8},"end":{"line":75,"column":8}}]}}},"contracts/TransferRestrictionsNone.sol":{"l":{"23":1,"36":1,"37":1,"40":0,"41":0,"44":0,"45":0,"48":0,"49":0,"52":0,"56":1},"path":"/Users/steve/codes/INX-TOKEN-CLONED/contracts/TransferRestrictionsNone.sol","s":{"1":1,"2":1,"3":1,"4":0,"5":0,"6":0,"7":0,"8":0,"9":0,"10":0,"11":1},"b":{"1":[1,0],"2":[0,0],"3":[0,0],"4":[0,0]},"f":{"1":1,"2":1,"3":1},"fnMap":{"1":{"name":"detectTransferRestriction","line":18,"loc":{"start":{"line":18,"column":4},"end":{"line":22,"column":5}}},"2":{"name":"messageForTransferRestriction","line":31,"loc":{"start":{"line":31,"column":4},"end":{"line":35,"column":5}}},"3":{"name":"getSuccessCode","line":55,"loc":{"start":{"line":55,"column":4},"end":{"line":55,"column":59}}}},"statementMap":{"1":{"start":{"line":23,"column":8},"end":{"line":23,"column":27}},"2":{"start":{"line":36,"column":8},"end":{"line":36,"column":1064}},"3":{"start":{"line":37,"column":12},"end":{"line":37,"column":34}},"4":{"start":{"line":40,"column":8},"end":{"line":40,"column":1158}},"5":{"start":{"line":41,"column":12},"end":{"line":41,"column":48}},"6":{"start":{"line":44,"column":8},"end":{"line":44,"column":1275}},"7":{"start":{"line":45,"column":12},"end":{"line":45,"column":43}},"8":{"start":{"line":48,"column":8},"end":{"line":48,"column":1382}},"9":{"start":{"line":49,"column":12},"end":{"line":49,"column":50}},"10":{"start":{"line":52,"column":8},"end":{"line":52,"column":28}},"11":{"start":{"line":56,"column":6},"end":{"line":56,"column":25}}},"branchMap":{"1":{"line":36,"type":"if","locations":[{"start":{"line":36,"column":8},"end":{"line":36,"column":8}},{"start":{"line":36,"column":8},"end":{"line":36,"column":8}}]},"2":{"line":40,"type":"if","locations":[{"start":{"line":40,"column":8},"end":{"line":40,"column":8}},{"start":{"line":40,"column":8},"end":{"line":40,"column":8}}]},"3":{"line":44,"type":"if","locations":[{"start":{"line":44,"column":8},"end":{"line":44,"column":8}},{"start":{"line":44,"column":8},"end":{"line":44,"column":8}}]},"4":{"line":48,"type":"if","locations":[{"start":{"line":48,"column":8},"end":{"line":48,"column":8}},{"start":{"line":48,"column":8},"end":{"line":48,"column":8}}]}}},"contracts/Whitelistable.sol":{"l":{"28":41,"29":41,"30":41,"38":1,"46":1,"55":45},"path":"/Users/steve/codes/INX-TOKEN-CLONED/contracts/Whitelistable.sol","s":{"1":41,"2":41,"3":41,"4":1,"5":1,"6":45},"b":{},"f":{"1":41,"2":1,"3":1,"4":45},"fnMap":{"1":{"name":"setWhitelist","line":27,"loc":{"start":{"line":27,"column":4},"end":{"line":27,"column":105}}},"2":{"name":"checkWhitelistStatus","line":37,"loc":{"start":{"line":37,"column":4},"end":{"line":37,"column":74}}},"3":{"name":"getWhitelistData","line":45,"loc":{"start":{"line":45,"column":4},"end":{"line":45,"column":79}}},"4":{"name":"checkWhitelists","line":54,"loc":{"start":{"line":54,"column":4},"end":{"line":54,"column":81}}}},"statementMap":{"1":{"start":{"line":28,"column":8},"end":{"line":28,"column":50}},"2":{"start":{"line":29,"column":8},"end":{"line":29,"column":46}},"3":{"start":{"line":30,"column":8},"end":{"line":30,"column":19}},"4":{"start":{"line":38,"column":8},"end":{"line":38,"column":41}},"5":{"start":{"line":46,"column":8},"end":{"line":46,"column":39}},"6":{"start":{"line":55,"column":8},"end":{"line":55,"column":61}}},"branchMap":{}},"contracts/WhitelisterRole.sol":{"l":{"13":41,"14":41,"18":47,"22":29,"26":4,"30":29,"31":29,"35":4,"36":4},"path":"/Users/steve/codes/INX-TOKEN-CLONED/contracts/WhitelisterRole.sol","s":{"1":41,"2":47,"3":29,"4":4,"5":29,"6":29,"7":4,"8":4},"b":{"1":[41,0]},"f":{"1":41,"2":47,"3":29,"4":4,"5":29,"6":4},"fnMap":{"1":{"name":"onlyWhitelister","line":12,"loc":{"start":{"line":12,"column":4},"end":{"line":12,"column":28}}},"2":{"name":"isWhitelister","line":17,"loc":{"start":{"line":17,"column":4},"end":{"line":17,"column":68}}},"3":{"name":"addWhitelister","line":21,"loc":{"start":{"line":21,"column":4},"end":{"line":21,"column":59}}},"4":{"name":"removeWhitelister","line":25,"loc":{"start":{"line":25,"column":4},"end":{"line":25,"column":62}}},"5":{"name":"_addWhitelister","line":29,"loc":{"start":{"line":29,"column":4},"end":{"line":29,"column":52}}},"6":{"name":"_removeWhitelister","line":34,"loc":{"start":{"line":34,"column":4},"end":{"line":34,"column":55}}}},"statementMap":{"1":{"start":{"line":13,"column":8},"end":{"line":13,"column":103}},"2":{"start":{"line":18,"column":8},"end":{"line":18,"column":41}},"3":{"start":{"line":22,"column":8},"end":{"line":22,"column":31}},"4":{"start":{"line":26,"column":8},"end":{"line":26,"column":34}},"5":{"start":{"line":30,"column":8},"end":{"line":30,"column":33}},"6":{"start":{"line":31,"column":8},"end":{"line":31,"column":50}},"7":{"start":{"line":35,"column":8},"end":{"line":35,"column":36}},"8":{"start":{"line":36,"column":8},"end":{"line":36,"column":52}}},"branchMap":{"1":{"line":13,"type":"if","locations":[{"start":{"line":13,"column":8},"end":{"line":13,"column":8}},{"start":{"line":13,"column":8},"end":{"line":13,"column":8}}]}}}}